{"/Users/2b-0036/Desktop/proyectos/Socovesa/socovesa-backend/src/controllers/usuarioController.ts": {"path":"/Users/2b-0036/Desktop/proyectos/Socovesa/socovesa-backend/src/controllers/usuarioController.ts","statementMap":{"0":{"start":{"line":2,"column":0},"end":{"line":2,"column":56}},"1":{"start":{"line":3,"column":0},"end":{"line":3,"column":53}},"2":{"start":{"line":9,"column":8},"end":{"line":9,"column":24}},"3":{"start":{"line":13,"column":8},"end":{"line":13,"column":22}},"4":{"start":{"line":17,"column":23},"end":{"line":17,"column":38}},"5":{"start":{"line":18,"column":37},"end":{"line":18,"column":58}},"6":{"start":{"line":19,"column":8},"end":{"line":23,"column":null}},"7":{"start":{"line":20,"column":12},"end":{"line":20,"column":45}},"8":{"start":{"line":22,"column":12},"end":{"line":22,"column":27}},"9":{"start":{"line":27,"column":23},"end":{"line":27,"column":38}},"10":{"start":{"line":28,"column":8},"end":{"line":32,"column":null}},"11":{"start":{"line":29,"column":12},"end":{"line":29,"column":36}},"12":{"start":{"line":31,"column":12},"end":{"line":31,"column":27}},"13":{"start":{"line":36,"column":23},"end":{"line":36,"column":38}},"14":{"start":{"line":37,"column":22},"end":{"line":37,"column":36}},"15":{"start":{"line":38,"column":8},"end":{"line":42,"column":null}},"16":{"start":{"line":39,"column":12},"end":{"line":39,"column":44}},"17":{"start":{"line":41,"column":12},"end":{"line":41,"column":27}},"18":{"start":{"line":45,"column":23},"end":{"line":45,"column":38}},"19":{"start":{"line":46,"column":22},"end":{"line":46,"column":38}},"20":{"start":{"line":47,"column":28},"end":{"line":47,"column":48}},"21":{"start":{"line":48,"column":8},"end":{"line":52,"column":null}},"22":{"start":{"line":49,"column":12},"end":{"line":49,"column":60}},"23":{"start":{"line":51,"column":12},"end":{"line":51,"column":27}},"24":{"start":{"line":5,"column":0},"end":{"line":5,"column":13}}},"fnMap":{"0":{"name":"(anonymous_0)","decl":{"start":{"line":8,"column":11},"end":{"line":8,"column":16}},"loc":{"start":{"line":8,"column":50},"end":{"line":10,"column":5}}},"1":{"name":"(anonymous_1)","decl":{"start":{"line":12,"column":11},"end":{"line":12,"column":17}},"loc":{"start":{"line":12,"column":31},"end":{"line":14,"column":5}}},"2":{"name":"(anonymous_2)","decl":{"start":{"line":16,"column":11},"end":{"line":16,"column":16}},"loc":{"start":{"line":16,"column":57},"end":{"line":24,"column":5}}},"3":{"name":"(anonymous_3)","decl":{"start":{"line":26,"column":11},"end":{"line":26,"column":16}},"loc":{"start":{"line":26,"column":59},"end":{"line":33,"column":5}}},"4":{"name":"(anonymous_4)","decl":{"start":{"line":35,"column":11},"end":{"line":35,"column":16}},"loc":{"start":{"line":35,"column":54},"end":{"line":43,"column":5}}},"5":{"name":"(anonymous_5)","decl":{"start":{"line":44,"column":11},"end":{"line":44,"column":16}},"loc":{"start":{"line":44,"column":56},"end":{"line":53,"column":5}}}},"branchMap":{},"s":{"0":1,"1":1,"2":0,"3":1,"4":0,"5":0,"6":0,"7":0,"8":0,"9":0,"10":0,"11":0,"12":0,"13":0,"14":0,"15":0,"16":0,"17":0,"18":0,"19":0,"20":0,"21":0,"22":0,"23":0,"24":1},"f":{"0":0,"1":1,"2":0,"3":0,"4":0,"5":0},"b":{}}
,"/Users/2b-0036/Desktop/proyectos/Socovesa/socovesa-backend/src/dbServices/usuario.db.ts": {"path":"/Users/2b-0036/Desktop/proyectos/Socovesa/socovesa-backend/src/dbServices/usuario.db.ts","statementMap":{"0":{"start":{"line":1,"column":0},"end":{"line":1,"column":56}},"1":{"start":{"line":3,"column":0},"end":{"line":3,"column":31}},"2":{"start":{"line":4,"column":0},"end":{"line":4,"column":27}},"3":{"start":{"line":8,"column":4},"end":{"line":8,"column":37}},"4":{"start":{"line":9,"column":4},"end":{"line":9,"column":42}},"5":{"start":{"line":12,"column":8},"end":{"line":23,"column":null}},"6":{"start":{"line":14,"column":12},"end":{"line":14,"column":75}},"7":{"start":{"line":15,"column":27},"end":{"line":15,"column":50}},"8":{"start":{"line":16,"column":12},"end":{"line":20,"column":null}},"9":{"start":{"line":17,"column":16},"end":{"line":17,"column":32}},"10":{"start":{"line":19,"column":16},"end":{"line":19,"column":68}},"11":{"start":{"line":22,"column":12},"end":{"line":22,"column":28}},"12":{"start":{"line":28,"column":23},"end":{"line":28,"column":43}},"13":{"start":{"line":29,"column":8},"end":{"line":33,"column":null}},"14":{"start":{"line":30,"column":12},"end":{"line":30,"column":28}},"15":{"start":{"line":32,"column":12},"end":{"line":32,"column":64}},"16":{"start":{"line":40,"column":8},"end":{"line":52,"column":11}},"17":{"start":{"line":42,"column":12},"end":{"line":45,"column":null}},"18":{"start":{"line":43,"column":16},"end":{"line":43,"column":79}},"19":{"start":{"line":44,"column":16},"end":{"line":44,"column":23}},"20":{"start":{"line":46,"column":12},"end":{"line":49,"column":null}},"21":{"start":{"line":47,"column":16},"end":{"line":47,"column":86}},"22":{"start":{"line":48,"column":16},"end":{"line":48,"column":23}},"23":{"start":{"line":50,"column":26},"end":{"line":50,"column":100}},"24":{"start":{"line":51,"column":12},"end":{"line":51,"column":66}},"25":{"start":{"line":58,"column":8},"end":{"line":81,"column":11}},"26":{"start":{"line":59,"column":12},"end":{"line":62,"column":null}},"27":{"start":{"line":60,"column":16},"end":{"line":60,"column":79}},"28":{"start":{"line":61,"column":16},"end":{"line":61,"column":23}},"29":{"start":{"line":64,"column":33},"end":{"line":64,"column":65}},"30":{"start":{"line":66,"column":12},"end":{"line":66,"column":45}},"31":{"start":{"line":69,"column":12},"end":{"line":80,"column":null}},"32":{"start":{"line":70,"column":16},"end":{"line":73,"column":null}},"33":{"start":{"line":71,"column":20},"end":{"line":71,"column":83}},"34":{"start":{"line":72,"column":20},"end":{"line":72,"column":27}},"35":{"start":{"line":74,"column":16},"end":{"line":77,"column":null}},"36":{"start":{"line":75,"column":20},"end":{"line":75,"column":90}},"37":{"start":{"line":76,"column":20},"end":{"line":76,"column":27}},"38":{"start":{"line":78,"column":30},"end":{"line":78,"column":85}},"39":{"start":{"line":79,"column":16},"end":{"line":79,"column":68}},"40":{"start":{"line":6,"column":0},"end":{"line":6,"column":13}}},"fnMap":{"0":{"name":"(anonymous_1)","decl":{"start":{"line":6,"column":0},"end":{"line":6,"column":13}},"loc":{"start":{"line":6,"column":0},"end":{"line":83,"column":1}}},"1":{"name":"(anonymous_2)","decl":{"start":{"line":11,"column":11},"end":{"line":11,"column":16}},"loc":{"start":{"line":11,"column":61},"end":{"line":24,"column":5}}},"2":{"name":"(anonymous_3)","decl":{"start":{"line":26,"column":11},"end":{"line":26,"column":16}},"loc":{"start":{"line":26,"column":42},"end":{"line":34,"column":5}}},"3":{"name":"(anonymous_4)","decl":{"start":{"line":38,"column":11},"end":{"line":38,"column":16}},"loc":{"start":{"line":38,"column":59},"end":{"line":53,"column":5}}},"4":{"name":"(anonymous_5)","decl":{"start":{"line":40,"column":49},"end":{"line":40,"column":50}},"loc":{"start":{"line":40,"column":83},"end":{"line":52,"column":9}}},"5":{"name":"(anonymous_6)","decl":{"start":{"line":55,"column":11},"end":{"line":55,"column":16}},"loc":{"start":{"line":55,"column":82},"end":{"line":82,"column":5}}},"6":{"name":"(anonymous_7)","decl":{"start":{"line":58,"column":37},"end":{"line":58,"column":38}},"loc":{"start":{"line":58,"column":64},"end":{"line":81,"column":9}}},"7":{"name":"(anonymous_8)","decl":{"start":{"line":69,"column":89},"end":{"line":69,"column":90}},"loc":{"start":{"line":69,"column":101},"end":{"line":80,"column":13}}}},"branchMap":{"0":{"loc":{"start":{"line":12,"column":8},"end":{"line":23,"column":null}},"type":"if","locations":[{"start":{"line":12,"column":8},"end":{"line":23,"column":null}},{"start":{"line":12,"column":8},"end":{"line":23,"column":null}}]},"1":{"loc":{"start":{"line":16,"column":12},"end":{"line":20,"column":null}},"type":"if","locations":[{"start":{"line":16,"column":12},"end":{"line":20,"column":null}},{"start":{"line":16,"column":12},"end":{"line":20,"column":null}}]},"2":{"loc":{"start":{"line":29,"column":8},"end":{"line":33,"column":null}},"type":"if","locations":[{"start":{"line":29,"column":8},"end":{"line":33,"column":null}},{"start":{"line":29,"column":8},"end":{"line":33,"column":null}}]},"3":{"loc":{"start":{"line":42,"column":12},"end":{"line":45,"column":null}},"type":"if","locations":[{"start":{"line":42,"column":12},"end":{"line":45,"column":null}},{"start":{"line":42,"column":12},"end":{"line":45,"column":null}}]},"4":{"loc":{"start":{"line":46,"column":12},"end":{"line":49,"column":null}},"type":"if","locations":[{"start":{"line":46,"column":12},"end":{"line":49,"column":null}},{"start":{"line":46,"column":12},"end":{"line":49,"column":null}}]},"5":{"loc":{"start":{"line":59,"column":12},"end":{"line":62,"column":null}},"type":"if","locations":[{"start":{"line":59,"column":12},"end":{"line":62,"column":null}},{"start":{"line":59,"column":12},"end":{"line":62,"column":null}}]},"6":{"loc":{"start":{"line":70,"column":16},"end":{"line":73,"column":null}},"type":"if","locations":[{"start":{"line":70,"column":16},"end":{"line":73,"column":null}},{"start":{"line":70,"column":16},"end":{"line":73,"column":null}}]},"7":{"loc":{"start":{"line":74,"column":16},"end":{"line":77,"column":null}},"type":"if","locations":[{"start":{"line":74,"column":16},"end":{"line":77,"column":null}},{"start":{"line":74,"column":16},"end":{"line":77,"column":null}}]}},"s":{"0":1,"1":1,"2":1,"3":0,"4":0,"5":0,"6":0,"7":0,"8":0,"9":0,"10":0,"11":0,"12":0,"13":0,"14":0,"15":0,"16":0,"17":0,"18":0,"19":0,"20":0,"21":0,"22":0,"23":0,"24":0,"25":0,"26":0,"27":0,"28":0,"29":0,"30":0,"31":0,"32":0,"33":0,"34":0,"35":0,"36":0,"37":0,"38":0,"39":0,"40":1},"f":{"0":0,"1":0,"2":0,"3":0,"4":0,"5":0,"6":0,"7":0},"b":{"0":[0,0],"1":[0,0],"2":[0,0],"3":[0,0],"4":[0,0],"5":[0,0],"6":[0,0],"7":[0,0]}}
,"/Users/2b-0036/Desktop/proyectos/Socovesa/socovesa-backend/src/models/usuario.ts": {"path":"/Users/2b-0036/Desktop/proyectos/Socovesa/socovesa-backend/src/models/usuario.ts","statementMap":{"0":{"start":{"line":1,"column":0},"end":{"line":1,"column":58}},"1":{"start":{"line":11,"column":17},"end":{"line":17,"column":2}},"2":{"start":{"line":19,"column":0},"end":{"line":24,"column":null}},"3":{"start":{"line":20,"column":15},"end":{"line":20,"column":19}},"4":{"start":{"line":21,"column":18},"end":{"line":21,"column":33}},"5":{"start":{"line":22,"column":4},"end":{"line":22,"column":28}},"6":{"start":{"line":23,"column":4},"end":{"line":23,"column":19}},"7":{"start":{"line":26,"column":13},"end":{"line":26,"column":79}}},"fnMap":{"0":{"name":"(anonymous_0)","decl":{"start":{"line":19,"column":28},"end":{"line":19,"column":null}},"loc":{"start":{"line":19,"column":28},"end":{"line":24,"column":1}}}},"branchMap":{},"s":{"0":1,"1":1,"2":1,"3":0,"4":0,"5":0,"6":0,"7":1},"f":{"0":0},"b":{}}
}
